#
# A fatal error has been detected by the Java Runtime Environment:
#
#  EXCEPTION_ACCESS_VIOLATION (0xc0000005) at pc=0x6d944daf, pid=6080, tid=6448
#
# JRE version: 6.0_24-b07
# Java VM: Java HotSpot(TM) Client VM (19.1-b02 mixed mode, sharing windows-x86 )
# Problematic frame:
# V  [jvm.dll+0x154daf]
#
# If you would like to submit a bug report, please visit:
#   http://java.sun.com/webapps/bugreport/crash.jsp
#

---------------  T H R E A D  ---------------

Current thread (0x00239000):  JavaThread "main" [_thread_in_vm, id=6448, stack(0x00300000,0x00350000)]

siginfo: ExceptionCode=0xc0000005, reading address 0x0000008f

Registers:
EAX=0x0034e201, EBX=0xffffffff, ECX=0x00239a64, EDX=0x00000077
ESP=0x0034e1e8, EBP=0x0034e20c, ESI=0x00239000, EDI=0x00239a40
EIP=0x6d944daf, EFLAGS=0x00010202

Register to memory mapping:

EAX=0x0034e201
0x0034e201 is pointing into the stack for thread: 0x00239000
"main" prio=6 tid=0x00239000 nid=0x1930 runnable [0x0034e000]
   java.lang.Thread.State: RUNNABLE

EBX=0xffffffff
0xffffffff is pointing to unknown location

ECX=0x00239a64
0x00239a64 is pointing to unknown location

EDX=0x00000077
0x00000077 is pointing to unknown location

ESP=0x0034e1e8
0x0034e1e8 is pointing into the stack for thread: 0x00239000
"main" prio=6 tid=0x00239000 nid=0x1930 runnable [0x0034e000]
   java.lang.Thread.State: RUNNABLE

EBP=0x0034e20c
0x0034e20c is pointing into the stack for thread: 0x00239000
"main" prio=6 tid=0x00239000 nid=0x1930 runnable [0x0034e000]
   java.lang.Thread.State: RUNNABLE

ESI=0x00239000
"main" prio=6 tid=0x00239000 nid=0x1930 runnable [0x0034e000]
   java.lang.Thread.State: RUNNABLE

EDI=0x00239a40
0x00239a40 is pointing to unknown location


Top of Stack: (sp=0x0034e1e8)
0x0034e1e8:   00239a40 00239000 00000000 0034e4d4
0x0034e1f8:   0034e530 00236518 6d96c5bc 00239a64
0x0034e208:   34d65148 0034e23c 6d945643 0034e634
0x0034e218:   00239a54 00239a40 00239a34 00239a50
0x0034e228:   00000001 00239000 00239a34 00239000
0x0034e238:   00239a54 0034e288 6d945daf 0034e634
0x0034e248:   00239a34 00239a50 00239a40 00239a44
0x0034e258:   00239a48 00239a4c 00000001 00000001 

Instructions: (pc=0x6d944daf)
0x6d944d9f:   e5 5d c3 8a 45 1c 84 c0 0f 84 80 00 00 00 8b 11
0x6d944daf:   8b 42 18 c1 e8 0a a8 01 74 74 85 ff 8b 86 98 00 


Stack: [0x00300000,0x00350000],  sp=0x0034e1e8,  free space=312k
Native frames: (J=compiled Java code, j=interpreted, Vv=VM code, C=native code)
V  [jvm.dll+0x154daf]
V  [jvm.dll+0x155643]
V  [jvm.dll+0x155daf]
V  [jvm.dll+0x155eb8]
V  [jvm.dll+0x1a890f]
V  [jvm.dll+0x1a9512]
V  [jvm.dll+0x1a97a9]
V  [jvm.dll+0x1a9e12]
V  [jvm.dll+0x1aa261]
v  ~RuntimeStub::resolve_opt_virtual_call
J  macromedia.asc.semantics.FlowAnalyzer.evaluate(Lmacromedia/asc/util/Context;Lmacromedia/asc/parser/VariableBindingNode;)Lmacromedia/asc/semantics/Value;
J  flex2.compiler.CompilerAPI.analyze(Lflex2/compiler/CompilationUnit;[Lflex2/compiler/SubCompiler;Lflex2/compiler/SymbolTable;I)Z
j  flex2.compiler.CompilerAPI.compile(Lflex2/compiler/FileSpec;Lflex2/compiler/SourceList;Ljava/util/Collection;Lflex2/compiler/SourcePath;Lflex2/compiler/ResourceContainer;Lflex2/compiler/ResourceBundlePath;Lflex2/compiler/CompilerSwcContext;Lflex2/compiler/SymbolTable;Lflex2/compiler/util/NameMappings;Lflex2/compiler/common/Configuration;[Lflex2/compiler/SubCompiler;Lflex2/compiler/PreLink;Ljava/util/Map;Ljava/util/List;)Ljava/util/List;+1049
j  flex2.tools.Fcsh.compile_mxmlc(Lflex2/tools/Target;)V+505
j  flex2.tools.Fcsh.compile(Ljava/lang/String;)V+31
j  flex2.tools.Fcsh.process(Ljava/lang/String;)V+505
j  flex2.tools.Fcsh.main([Ljava/lang/String;)V+107
v  ~StubRoutines::call_stub
V  [jvm.dll+0xf0ab9]
V  [jvm.dll+0x1837d1]
V  [jvm.dll+0xf0b3d]
V  [jvm.dll+0xfa0d6]
V  [jvm.dll+0x101cde]
C  [java.exe+0x2155]
C  [java.exe+0x85b4]
C  [kernel32.dll+0x13677]
C  [ntdll.dll+0x39f42]
C  [ntdll.dll+0x39f15]

Java frames: (J=compiled Java code, j=interpreted, Vv=VM code)
v  ~RuntimeStub::resolve_opt_virtual_call
J  macromedia.asc.semantics.FlowAnalyzer.evaluate(Lmacromedia/asc/util/Context;Lmacromedia/asc/parser/VariableBindingNode;)Lmacromedia/asc/semantics/Value;
J  macromedia.asc.parser.VariableBindingNode.evaluate(Lmacromedia/asc/util/Context;Lmacromedia/asc/parser/Evaluator;)Lmacromedia/asc/semantics/Value;
J  macromedia.asc.semantics.FlowAnalyzer.evaluate(Lmacromedia/asc/util/Context;Lmacromedia/asc/parser/ListNode;)Lmacromedia/asc/semantics/Value;
J  macromedia.asc.semantics.FlowAnalyzer.evaluate(Lmacromedia/asc/util/Context;Lmacromedia/asc/parser/VariableDefinitionNode;)Lmacromedia/asc/semantics/Value;
J  macromedia.asc.parser.VariableDefinitionNode.evaluate(Lmacromedia/asc/util/Context;Lmacromedia/asc/parser/Evaluator;)Lmacromedia/asc/semantics/Value;
J  macromedia.asc.semantics.FlowAnalyzer.evaluate(Lmacromedia/asc/util/Context;Lmacromedia/asc/parser/StatementListNode;)Lmacromedia/asc/semantics/Value;
J  macromedia.asc.semantics.FlowAnalyzer.evaluate(Lmacromedia/asc/util/Context;Lmacromedia/asc/parser/ClassDefinitionNode;)Lmacromedia/asc/semantics/Value;
J  macromedia.asc.parser.ClassDefinitionNode.evaluate(Lmacromedia/asc/util/Context;Lmacromedia/asc/parser/Evaluator;)Lmacromedia/asc/semantics/Value;
J  macromedia.asc.semantics.FlowAnalyzer.evaluate(Lmacromedia/asc/util/Context;Lmacromedia/asc/parser/ArgumentListNode;)Lmacromedia/asc/semantics/Value;
J  macromedia.asc.semantics.FlowAnalyzer.evaluate(Lmacromedia/asc/util/Context;Lmacromedia/asc/parser/SetExpressionNode;)Lmacromedia/asc/semantics/Value;
J  macromedia.asc.parser.SetExpressionNode.evaluate(Lmacromedia/asc/util/Context;Lmacromedia/asc/parser/Evaluator;)Lmacromedia/asc/semantics/Value;
J  macromedia.asc.semantics.FlowAnalyzer.evaluate(Lmacromedia/asc/util/Context;Lmacromedia/asc/parser/MemberExpressionNode;)Lmacromedia/asc/semantics/Value;
J  macromedia.asc.parser.MemberExpressionNode.evaluate(Lmacromedia/asc/util/Context;Lmacromedia/asc/parser/Evaluator;)Lmacromedia/asc/semantics/Value;
J  macromedia.asc.semantics.FlowAnalyzer.evaluate(Lmacromedia/asc/util/Context;Lmacromedia/asc/parser/ExpressionStatementNode;)Lmacromedia/asc/semantics/Value;
J  macromedia.asc.semantics.FlowAnalyzer.evaluate(Lmacromedia/asc/util/Context;Lmacromedia/asc/parser/ClassDefinitionNode;)Lmacromedia/asc/semantics/Value;
J  macromedia.asc.parser.ClassDefinitionNode.evaluate(Lmacromedia/asc/util/Context;Lmacromedia/asc/parser/Evaluator;)Lmacromedia/asc/semantics/Value;
J  macromedia.asc.semantics.FlowAnalyzer.evaluate(Lmacromedia/asc/util/Context;Lmacromedia/asc/parser/ProgramNode;)Lmacromedia/asc/semantics/Value;
J  macromedia.asc.parser.ProgramNode.evaluate(Lmacromedia/asc/util/Context;Lmacromedia/asc/parser/Evaluator;)Lmacromedia/asc/semantics/Value;
j  flex2.compiler.as3.As3Compiler.analyze2(Lflex2/compiler/CompilationUnit;Lflex2/compiler/SymbolTable;)V+152
J  flex2.compiler.CompilerAPI.analyze(Lflex2/compiler/CompilationUnit;[Lflex2/compiler/SubCompiler;Lflex2/compiler/SymbolTable;I)Z
J  flex2.compiler.CompilerAPI.analyze(Ljava/util/List;[Lflex2/compiler/SubCompiler;Lflex2/compiler/SymbolTable;III)Z
J  flex2.compiler.CompilerAPI.batch2(Ljava/util/List;Ljava/util/List;Lflex2/compiler/util/graph/DependencyGraph;Lflex2/compiler/util/graph/DependencyGraph;Lflex2/compiler/SymbolTable;[Lflex2/compiler/SubCompiler;Lflex2/compiler/SourceList;Lflex2/compiler/SourcePath;Lflex2/compiler/ResourceContainer;Lflex2/compiler/CompilerSwcContext;Lflex2/compiler/common/Configuration;)V
j  flex2.compiler.CompilerAPI.batch(Ljava/util/List;Ljava/util/List;Lflex2/compiler/util/graph/DependencyGraph;Lflex2/compiler/util/graph/DependencyGraph;Lflex2/compiler/SymbolTable;[Lflex2/compiler/SubCompiler;Lflex2/compiler/SourceList;Lflex2/compiler/SourcePath;Lflex2/compiler/ResourceContainer;Lflex2/compiler/CompilerSwcContext;Lflex2/compiler/common/Configuration;Z)V+64
j  flex2.compiler.CompilerAPI.compile(Lflex2/compiler/FileSpec;Lflex2/compiler/SourceList;Ljava/util/Collection;Lflex2/compiler/SourcePath;Lflex2/compiler/ResourceContainer;Lflex2/compiler/ResourceBundlePath;Lflex2/compiler/CompilerSwcContext;Lflex2/compiler/SymbolTable;Lflex2/compiler/util/NameMappings;Lflex2/compiler/common/Configuration;[Lflex2/compiler/SubCompiler;Lflex2/compiler/PreLink;Ljava/util/Map;Ljava/util/List;)Ljava/util/List;+1049
j  flex2.tools.Fcsh.compile_mxmlc(Lflex2/tools/Target;)V+505
j  flex2.tools.Fcsh.compile(Ljava/lang/String;)V+31
j  flex2.tools.Fcsh.process(Ljava/lang/String;)V+505
j  flex2.tools.Fcsh.main([Ljava/lang/String;)V+107
v  ~StubRoutines::call_stub

---------------  P R O C E S S  ---------------

Java Threads: ( => current thread )
  0x04df6800 JavaThread "Image Fetcher 1" daemon [_thread_blocked, id=6900, stack(0x059d0000,0x05a20000)]
  0x04df1000 JavaThread "Image Fetcher 0" daemon [_thread_blocked, id=6892, stack(0x058b0000,0x05900000)]
  0x04bf3800 JavaThread "AWT-Windows" daemon [_thread_in_native, id=7076, stack(0x05940000,0x05990000)]
  0x04bf2c00 JavaThread "Java2D Disposer" daemon [_thread_blocked, id=6036, stack(0x05820000,0x05870000)]
  0x006c6800 JavaThread "Low Memory Detector" daemon [_thread_blocked, id=1072, stack(0x046d0000,0x04720000)]
  0x006b9c00 JavaThread "CompilerThread0" daemon [_thread_blocked, id=2000, stack(0x04640000,0x04690000)]
  0x006b8800 JavaThread "Attach Listener" daemon [_thread_blocked, id=6752, stack(0x045b0000,0x04600000)]
  0x006b5800 JavaThread "Signal Dispatcher" daemon [_thread_blocked, id=6732, stack(0x04520000,0x04570000)]
  0x006b0800 JavaThread "Finalizer" daemon [_thread_blocked, id=6420, stack(0x04490000,0x044e0000)]
  0x006ac000 JavaThread "Reference Handler" daemon [_thread_blocked, id=7152, stack(0x04400000,0x04450000)]
=>0x00239000 JavaThread "main" [_thread_in_vm, id=6448, stack(0x00300000,0x00350000)]

Other Threads:
  0x0066f400 VMThread [stack: 0x04370000,0x043c0000] [id=4360]
  0x006e1800 WatcherThread [stack: 0x04760000,0x047b0000] [id=6236]

VM state:not at safepoint (normal execution)

VM Mutex/Monitor currently owned by a thread: None

Heap
 def new generation   total 37632K, used 9517K [0x1c4c0000, 0x1ed90000, 0x244c0000)
  eden space 33472K,  16% used [0x1c4c0000, 0x1c9fb708, 0x1e570000)
  from space 4160K, 100% used [0x1e980000, 0x1ed90000, 0x1ed90000)
  to   space 4160K,   0% used [0x1e570000, 0x1e570000, 0x1e980000)
 tenured generation   total 83488K, used 80977K [0x244c0000, 0x29648000, 0x344c0000)
   the space 83488K,  96% used [0x244c0000, 0x293d46a0, 0x293d4800, 0x29648000)
 compacting perm gen  total 13568K, used 13548K [0x344c0000, 0x35200000, 0x384c0000)
   the space 13568K,  99% used [0x344c0000, 0x351fb260, 0x351fb400, 0x35200000)
    ro space 10240K,  51% used [0x384c0000, 0x389ecf58, 0x389ed000, 0x38ec0000)
    rw space 12288K,  54% used [0x38ec0000, 0x39558f50, 0x39559000, 0x39ac0000)

Dynamic libraries:
0x00400000 - 0x00424000 	C:\Windows\SysWOW64\java.exe
0x77de0000 - 0x77f60000 	C:\Windows\SysWOW64\ntdll.dll
0x77380000 - 0x77490000 	C:\Windows\syswow64\kernel32.dll
0x75520000 - 0x75567000 	C:\Windows\syswow64\KERNELBASE.dll
0x64d00000 - 0x64d31000 	C:\Program Files\Alwil Software\Avast5\snxhk.dll
0x76f20000 - 0x76fc0000 	C:\Windows\syswow64\ADVAPI32.dll
0x76800000 - 0x768ac000 	C:\Windows\syswow64\msvcrt.dll
0x76a70000 - 0x76a89000 	C:\Windows\SysWOW64\sechost.dll
0x77230000 - 0x77320000 	C:\Windows\syswow64\RPCRT4.dll
0x754c0000 - 0x75520000 	C:\Windows\syswow64\SspiCli.dll
0x754b0000 - 0x754bc000 	C:\Windows\syswow64\CRYPTBASE.dll
0x7c340000 - 0x7c396000 	C:\Program Files (x86)\Java\jre6\bin\msvcr71.dll
0x6d7f0000 - 0x6da96000 	C:\Program Files (x86)\Java\jre6\bin\client\jvm.dll
0x758f0000 - 0x759f0000 	C:\Windows\syswow64\USER32.dll
0x759f0000 - 0x75a80000 	C:\Windows\syswow64\GDI32.dll
0x76f10000 - 0x76f1a000 	C:\Windows\syswow64\LPK.dll
0x755b0000 - 0x7564e000 	C:\Windows\syswow64\USP10.dll
0x72060000 - 0x72092000 	C:\Windows\SysWOW64\WINMM.dll
0x77320000 - 0x77380000 	C:\Windows\system32\IMM32.DLL
0x75820000 - 0x758ec000 	C:\Windows\syswow64\MSCTF.dll
0x717f0000 - 0x7183b000 	C:\Windows\system32\apphelp.dll
0x6d7a0000 - 0x6d7ac000 	C:\Program Files (x86)\Java\jre6\bin\verify.dll
0x6d320000 - 0x6d33f000 	C:\Program Files (x86)\Java\jre6\bin\java.dll
0x6d280000 - 0x6d288000 	C:\Program Files (x86)\Java\jre6\bin\hpi.dll
0x75a80000 - 0x75a85000 	C:\Windows\syswow64\PSAPI.DLL
0x6d7e0000 - 0x6d7ef000 	C:\Program Files (x86)\Java\jre6\bin\zip.dll
0x6d000000 - 0x6d14a000 	C:\Program Files (x86)\Java\jre6\bin\awt.dll
0x71080000 - 0x710d1000 	C:\Windows\SysWOW64\WINSPOOL.DRV
0x76bd0000 - 0x76d2c000 	C:\Windows\syswow64\ole32.dll
0x727c0000 - 0x7295e000 	C:\Windows\WinSxS\x86_microsoft.windows.common-controls_6595b64144ccf1df_6.0.7600.16661_none_420fe3fa2b8113bd\COMCTL32.dll
0x75a90000 - 0x75ae7000 	C:\Windows\syswow64\SHLWAPI.dll
0x71740000 - 0x71753000 	C:\Windows\SysWOW64\DWMAPI.DLL
0x71d60000 - 0x71de0000 	C:\Windows\system32\uxtheme.dll
0x738d0000 - 0x73928000 	C:\Program Files (x86)\Common Files\microsoft shared\ink\tiptsf.dll
0x76740000 - 0x767cf000 	C:\Windows\syswow64\OLEAUT32.dll
0x751f0000 - 0x751f9000 	C:\Windows\SysWOW64\version.dll
0x6d440000 - 0x6d465000 	C:\Program Files (x86)\Java\jre6\bin\jpeg.dll

VM Arguments:
jvm_args: -Xmx384m -Dsun.io.useCanonCaches=false -Duser.language=en -Duser.region=US -Dapplication.home=C:\Program Files (x86)\FlashDevelop\Tools\flexsdk 
java_command: C:\Program Files (x86)\FlashDevelop\Tools\flexsdk\lib\fcsh.jar
Launcher Type: SUN_STANDARD

Environment Variables:
PATH=C:\Windows\system32;C:\Windows;C:\Windows\System32\Wbem;C:\Windows\System32\WindowsPowerShell\v1.0\; C:\php;C:\Program Files (x86)\MySQL\MySQL Server 5.5\bin;C:\Program Files\TortoiseSVN\bin
USERNAME=Flasher
OS=Windows_NT
PROCESSOR_IDENTIFIER=AMD64 Family 16 Model 6 Stepping 3, AuthenticAMD



---------------  S Y S T E M  ---------------

OS: Windows 7 Build 7600 

CPU:total 2 (2 cores per cpu, 1 threads per core) family 16 model 6 stepping 3, cmov, cx8, fxsr, mmx, sse, sse2, sse3, popcnt, mmxext, 3dnow, 3dnowext, lzcnt, sse4a

Memory: 4k page, physical 3931320k(1385704k free), swap 7860732k(3730972k free)

vm_info: Java HotSpot(TM) Client VM (19.1-b02) for windows-x86 JRE (1.6.0_24-b07), built on Feb  2 2011 17:44:41 by "java_re" with MS VC++ 7.1 (VS2003)

time: Wed Mar 20 13:22:18 2013
elapsed time: 4864 seconds

